c:\users\mateo\desktop\school\midtermproject\midtermproject\debug\vc141.pdb
c:\users\mateo\desktop\school\midtermproject\midtermproject\debug\vc141.idb
c:\users\mateo\desktop\school\midtermproject\midtermproject\debug\source.obj
c:\users\mateo\desktop\school\midtermproject\midtermproject\debug\gamemanager.obj
c:\users\mateo\desktop\school\midtermproject\debug\midtermproject.exe
c:\users\mateo\desktop\school\midtermproject\debug\midtermproject.ilk
c:\users\mateo\desktop\school\midtermproject\debug\midtermproject.pdb
f:\todo\midtermproject\midtermproject\debug\gamemanager.obj
f:\todo\midtermproject\midtermproject\debug\source.obj
f:\todo\midtermproject\midtermproject\debug\vc141.idb
f:\todo\midtermproject\midtermproject\debug\vc141.pdb
f:\todo\midtermproject\debug\midtermproject.pdb
f:\todo\midtermproject\debug\midtermproject.exe
f:\todo\midtermproject\debug\midtermproject.ilk
f:\todo\midtermproject\midtermproject\debug\midtermproject.tlog\cl.command.1.tlog
f:\todo\midtermproject\midtermproject\debug\midtermproject.tlog\cl.read.1.tlog
f:\todo\midtermproject\midtermproject\debug\midtermproject.tlog\cl.write.1.tlog
f:\todo\midtermproject\midtermproject\debug\midtermproject.tlog\link.command.1.tlog
f:\todo\midtermproject\midtermproject\debug\midtermproject.tlog\link.read.1.tlog
f:\todo\midtermproject\midtermproject\debug\midtermproject.tlog\link.write.1.tlog
